<?xml version="1.0" encoding="UTF-8"?>
<!-- Generated by org.testng.reporters.JUnitXMLReporter -->
<testsuite ignored="0" hostname="DESKTOP-ED62TT4" failures="0" tests="3" name="Surefire test" time="35.659" errors="0" timestamp="2025-09-07T15:56:06 IST">
  <testcase classname="PageObjectModel.LoginTest" name="testInvalidLoginShowErrorMsg" time="6.378"/>
  <testcase classname="PageObjectModel.LoginTest" name="testLoginButtonDisabledWhenFieldAreEmpty" time="0.929"/>
  <testcase classname="PageObjectModel.LoginTest" name="testPasswordMaskedbutton" time="5.973"/>
</testsuite> <!-- Surefire test -->
