<?xml version="1.0" encoding="UTF-8"?>
<testng-results ignored="0" total="3" passed="3" failed="0" skipped="0">
  <reporter-output>
  </reporter-output>
  <suite started-at="2025-09-07T16:10:04 IST" name="Suite" finished-at="2025-09-07T16:10:45 IST" duration-ms="40808">
    <groups>
    </groups>
    <test started-at="2025-09-07T16:10:04 IST" name="Test" finished-at="2025-09-07T16:10:45 IST" duration-ms="40808">
      <class name="PageObjectModel.LoginTest">
        <test-method is-config="true" signature="setup()[pri:0, instance:PageObjectModel.LoginTest@77888435]" started-at="2025-09-07T16:10:04 IST" name="setup" finished-at="2025-09-07T16:10:16 IST" duration-ms="11478" status="PASS">
          <reporter-output>
          </reporter-output>
        </test-method> <!-- setup -->
        <test-method signature="testInvalidLoginShowErrorMsg()[pri:0, instance:PageObjectModel.LoginTest@77888435]" started-at="2025-09-07T16:10:16 IST" name="testInvalidLoginShowErrorMsg" finished-at="2025-09-07T16:10:22 IST" duration-ms="6450" status="PASS">
          <reporter-output>
          </reporter-output>
        </test-method> <!-- testInvalidLoginShowErrorMsg -->
        <test-method is-config="true" signature="TearDown()[pri:0, instance:PageObjectModel.LoginTest@77888435]" started-at="2025-09-07T16:10:22 IST" name="TearDown" finished-at="2025-09-07T16:10:23 IST" duration-ms="441" status="PASS">
          <reporter-output>
          </reporter-output>
        </test-method> <!-- TearDown -->
        <test-method is-config="true" signature="setup()[pri:0, instance:PageObjectModel.LoginTest@77888435]" started-at="2025-09-07T16:10:23 IST" name="setup" finished-at="2025-09-07T16:10:31 IST" duration-ms="8570" status="PASS">
          <reporter-output>
          </reporter-output>
        </test-method> <!-- setup -->
        <test-method signature="testLoginButtonDisabledWhenFieldAreEmpty()[pri:0, instance:PageObjectModel.LoginTest@77888435]" started-at="2025-09-07T16:10:31 IST" name="testLoginButtonDisabledWhenFieldAreEmpty" finished-at="2025-09-07T16:10:32 IST" duration-ms="669" status="PASS">
          <reporter-output>
          </reporter-output>
        </test-method> <!-- testLoginButtonDisabledWhenFieldAreEmpty -->
        <test-method is-config="true" signature="TearDown()[pri:0, instance:PageObjectModel.LoginTest@77888435]" started-at="2025-09-07T16:10:32 IST" name="TearDown" finished-at="2025-09-07T16:10:33 IST" duration-ms="681" status="PASS">
          <reporter-output>
          </reporter-output>
        </test-method> <!-- TearDown -->
        <test-method is-config="true" signature="setup()[pri:0, instance:PageObjectModel.LoginTest@77888435]" started-at="2025-09-07T16:10:33 IST" name="setup" finished-at="2025-09-07T16:10:38 IST" duration-ms="4934" status="PASS">
          <reporter-output>
          </reporter-output>
        </test-method> <!-- setup -->
        <test-method signature="testPasswordMaskedbutton()[pri:0, instance:PageObjectModel.LoginTest@77888435]" started-at="2025-09-07T16:10:38 IST" name="testPasswordMaskedbutton" finished-at="2025-09-07T16:10:45 IST" duration-ms="7086" status="PASS">
          <reporter-output>
          </reporter-output>
        </test-method> <!-- testPasswordMaskedbutton -->
        <test-method is-config="true" signature="TearDown()[pri:0, instance:PageObjectModel.LoginTest@77888435]" started-at="2025-09-07T16:10:45 IST" name="TearDown" finished-at="2025-09-07T16:10:45 IST" duration-ms="372" status="PASS">
          <reporter-output>
          </reporter-output>
        </test-method> <!-- TearDown -->
      </class> <!-- PageObjectModel.LoginTest -->
    </test> <!-- Test -->
  </suite> <!-- Suite -->
</testng-results>
