<?xml version="1.0" encoding="UTF-8"?>
<testng-results ignored="0" total="3" passed="3" failed="0" skipped="0">
  <reporter-output>
  </reporter-output>
  <suite started-at="2026-03-03T22:55:08 IST" name="OrangeHRMSuite" finished-at="2026-03-03T22:55:52 IST" duration-ms="43953">
    <groups>
    </groups>
    <test started-at="2026-03-03T22:55:08 IST" name="OrangeHRMTest_chrome" finished-at="2026-03-03T22:55:52 IST" duration-ms="43953">
      <class name="TestCase.LoginPageTest">
        <test-method is-config="true" signature="setup()[pri:0, instance:TestCase.LoginPageTest@2f162cc0]" started-at="2026-03-03T22:55:26 IST" name="setup" finished-at="2026-03-03T22:55:32 IST" duration-ms="6185" status="PASS">
          <reporter-output>
          </reporter-output>
        </test-method> <!-- setup -->
        <test-method is-config="true" signature="setupPages()[pri:0, instance:TestCase.LoginPageTest@2f162cc0]" started-at="2026-03-03T22:55:32 IST" name="setupPages" finished-at="2026-03-03T22:55:32 IST" duration-ms="12" status="PASS">
          <reporter-output>
          </reporter-output>
        </test-method> <!-- setupPages -->
        <test-method signature="verifyValidLoginTest()[pri:0, instance:TestCase.LoginPageTest@2f162cc0]" started-at="2026-03-03T22:55:32 IST" name="verifyValidLoginTest" finished-at="2026-03-03T22:55:52 IST" duration-ms="19919" status="PASS">
          <reporter-output>
          </reporter-output>
        </test-method> <!-- verifyValidLoginTest -->
        <test-method is-config="true" signature="tearDown()[pri:0, instance:TestCase.LoginPageTest@2f162cc0]" started-at="2026-03-03T22:55:52 IST" name="tearDown" finished-at="2026-03-03T22:55:52 IST" duration-ms="425" status="PASS">
          <reporter-output>
          </reporter-output>
        </test-method> <!-- tearDown -->
      </class> <!-- TestCase.LoginPageTest -->
      <class name="TestCase.DummyClass">
        <test-method is-config="true" signature="loadConfig()[pri:0, instance:TestCase.DummyClass@72ccd81a]" started-at="2026-03-03T22:55:08 IST" name="loadConfig" finished-at="2026-03-03T22:55:08 IST" duration-ms="38" status="PASS">
          <reporter-output>
          </reporter-output>
        </test-method> <!-- loadConfig -->
        <test-method is-config="true" signature="setup()[pri:0, instance:TestCase.DummyClass@72ccd81a]" started-at="2026-03-03T22:55:09 IST" name="setup" finished-at="2026-03-03T22:55:18 IST" duration-ms="9154" status="PASS">
          <reporter-output>
          </reporter-output>
        </test-method> <!-- setup -->
        <test-method signature="DummyTest()[pri:0, instance:TestCase.DummyClass@72ccd81a]" started-at="2026-03-03T22:55:18 IST" name="DummyTest" finished-at="2026-03-03T22:55:18 IST" duration-ms="31" status="PASS">
          <reporter-output>
          </reporter-output>
        </test-method> <!-- DummyTest -->
        <test-method is-config="true" signature="tearDown()[pri:0, instance:TestCase.DummyClass@72ccd81a]" started-at="2026-03-03T22:55:18 IST" name="tearDown" finished-at="2026-03-03T22:55:18 IST" duration-ms="289" status="PASS">
          <reporter-output>
          </reporter-output>
        </test-method> <!-- tearDown -->
      </class> <!-- TestCase.DummyClass -->
      <class name="TestCase.DummyClass2">
        <test-method is-config="true" signature="setup()[pri:0, instance:TestCase.DummyClass2@9d157ff]" started-at="2026-03-03T22:55:18 IST" name="setup" finished-at="2026-03-03T22:55:26 IST" duration-ms="7540" status="PASS">
          <reporter-output>
          </reporter-output>
        </test-method> <!-- setup -->
        <test-method signature="DummyTest()[pri:0, instance:TestCase.DummyClass2@9d157ff]" started-at="2026-03-03T22:55:26 IST" name="DummyTest" finished-at="2026-03-03T22:55:26 IST" duration-ms="14" status="PASS">
          <reporter-output>
          </reporter-output>
        </test-method> <!-- DummyTest -->
        <test-method is-config="true" signature="tearDown()[pri:0, instance:TestCase.DummyClass2@9d157ff]" started-at="2026-03-03T22:55:26 IST" name="tearDown" finished-at="2026-03-03T22:55:26 IST" duration-ms="242" status="PASS">
          <reporter-output>
          </reporter-output>
        </test-method> <!-- tearDown -->
      </class> <!-- TestCase.DummyClass2 -->
    </test> <!-- OrangeHRMTest_chrome -->
  </suite> <!-- OrangeHRMSuite -->
</testng-results>
