<?xml version="1.0" encoding="UTF-8"?>
<!-- Generated by org.testng.reporters.JUnitXMLReporter -->
<testsuite ignored="2" hostname="DESKTOP-ED62TT4" failures="0" tests="3" name="OrangeHRMTest_chrome" time="43.953" errors="0" timestamp="2026-03-03T22:55:52 IST">
  <testcase classname="TestCase.DummyClass" name="DummyTest" time="0.031"/>
  <testcase classname="TestCase.DummyClass2" name="DummyTest" time="0.014"/>
  <testcase classname="TestCase.LoginPageTest" name="verifyValidLoginTest" time="19.919"/>
  <testcase classname="com.OrangeHRM.base.BaseClass" name="@BeforeSuite loadConfig" time="0.0">
    <ignored/>
  </testcase> <!-- @BeforeSuite loadConfig -->
  <testcase classname="com.OrangeHRM.base.BaseClass" name="@BeforeSuite loadConfig" time="0.0">
    <ignored/>
  </testcase> <!-- @BeforeSuite loadConfig -->
</testsuite> <!-- OrangeHRMTest_chrome -->
