<?xml version="1.0" encoding="UTF-8"?>
<testng-results ignored="0" total="3" passed="3" failed="0" skipped="0">
  <reporter-output>
  </reporter-output>
  <suite started-at="2025-09-07T15:55:31 IST" name="Surefire suite" finished-at="2025-09-07T15:56:06 IST" duration-ms="35659">
    <groups>
    </groups>
    <test started-at="2025-09-07T15:55:31 IST" name="Surefire test" finished-at="2025-09-07T15:56:06 IST" duration-ms="35659">
      <class name="PageObjectModel.LoginTest">
        <test-method is-config="true" signature="setup()[pri:0, instance:PageObjectModel.LoginTest@51e5fc98]" started-at="2025-09-07T15:55:31 IST" name="setup" finished-at="2025-09-07T15:55:42 IST" duration-ms="11151" status="PASS">
          <reporter-output>
          </reporter-output>
        </test-method> <!-- setup -->
        <test-method signature="testInvalidLoginShowErrorMsg()[pri:0, instance:PageObjectModel.LoginTest@51e5fc98]" started-at="2025-09-07T15:55:42 IST" name="testInvalidLoginShowErrorMsg" finished-at="2025-09-07T15:55:48 IST" duration-ms="6378" status="PASS">
          <reporter-output>
          </reporter-output>
        </test-method> <!-- testInvalidLoginShowErrorMsg -->
        <test-method is-config="true" signature="TearDown()[pri:0, instance:PageObjectModel.LoginTest@51e5fc98]" started-at="2025-09-07T15:55:48 IST" name="TearDown" finished-at="2025-09-07T15:55:49 IST" duration-ms="386" status="PASS">
          <reporter-output>
          </reporter-output>
        </test-method> <!-- TearDown -->
        <test-method is-config="true" signature="setup()[pri:0, instance:PageObjectModel.LoginTest@51e5fc98]" started-at="2025-09-07T15:55:49 IST" name="setup" finished-at="2025-09-07T15:55:53 IST" duration-ms="4601" status="PASS">
          <reporter-output>
          </reporter-output>
        </test-method> <!-- setup -->
        <test-method signature="testLoginButtonDisabledWhenFieldAreEmpty()[pri:0, instance:PageObjectModel.LoginTest@51e5fc98]" started-at="2025-09-07T15:55:53 IST" name="testLoginButtonDisabledWhenFieldAreEmpty" finished-at="2025-09-07T15:55:54 IST" duration-ms="929" status="PASS">
          <reporter-output>
          </reporter-output>
        </test-method> <!-- testLoginButtonDisabledWhenFieldAreEmpty -->
        <test-method is-config="true" signature="TearDown()[pri:0, instance:PageObjectModel.LoginTest@51e5fc98]" started-at="2025-09-07T15:55:54 IST" name="TearDown" finished-at="2025-09-07T15:55:55 IST" duration-ms="615" status="PASS">
          <reporter-output>
          </reporter-output>
        </test-method> <!-- TearDown -->
        <test-method is-config="true" signature="setup()[pri:0, instance:PageObjectModel.LoginTest@51e5fc98]" started-at="2025-09-07T15:55:55 IST" name="setup" finished-at="2025-09-07T15:56:00 IST" duration-ms="5139" status="PASS">
          <reporter-output>
          </reporter-output>
        </test-method> <!-- setup -->
        <test-method signature="testPasswordMaskedbutton()[pri:0, instance:PageObjectModel.LoginTest@51e5fc98]" started-at="2025-09-07T15:56:00 IST" name="testPasswordMaskedbutton" finished-at="2025-09-07T15:56:06 IST" duration-ms="5973" status="PASS">
          <reporter-output>
          </reporter-output>
        </test-method> <!-- testPasswordMaskedbutton -->
        <test-method is-config="true" signature="TearDown()[pri:0, instance:PageObjectModel.LoginTest@51e5fc98]" started-at="2025-09-07T15:56:06 IST" name="TearDown" finished-at="2025-09-07T15:56:06 IST" duration-ms="379" status="PASS">
          <reporter-output>
          </reporter-output>
        </test-method> <!-- TearDown -->
      </class> <!-- PageObjectModel.LoginTest -->
    </test> <!-- Surefire test -->
  </suite> <!-- Surefire suite -->
</testng-results>
