<?xml version="1.0" encoding="UTF-8"?>
<!-- Generated by org.testng.reporters.JUnitReportReporter -->
<testsuite hostname="DESKTOP-ED62TT4" failures="0" tests="3" name="PageObjectModel.LoginTest" time="35.551" errors="0" timestamp="2025-09-07T15:56:07 IST" skipped="0">
  <testcase classname="PageObjectModel.LoginTest" name="testPasswordMaskedbutton" time="17.503"/>
  <testcase classname="PageObjectModel.LoginTest" name="testLoginButtonDisabledWhenFieldAreEmpty" time="6.145"/>
  <testcase classname="PageObjectModel.LoginTest" name="testInvalidLoginShowErrorMsg" time="11.903"/>
</testsuite> <!-- PageObjectModel.LoginTest -->
