<?xml version="1.0" encoding="UTF-8"?>
<!-- Generated by org.testng.reporters.JUnitXMLReporter -->
<testsuite ignored="0" hostname="DESKTOP-ED62TT4" failures="0" tests="3" name="Test" time="40.808" errors="0" timestamp="2025-09-07T16:10:45 IST">
  <testcase classname="PageObjectModel.LoginTest" name="testInvalidLoginShowErrorMsg" time="6.45"/>
  <testcase classname="PageObjectModel.LoginTest" name="testLoginButtonDisabledWhenFieldAreEmpty" time="0.669"/>
  <testcase classname="PageObjectModel.LoginTest" name="testPasswordMaskedbutton" time="7.086"/>
</testsuite> <!-- Test -->
