<?xml version="1.0" encoding="UTF-8"?>
<!-- Generated by org.testng.reporters.JUnitReportReporter -->
<testsuite hostname="DESKTOP-ED62TT4" failures="0" tests="3" name="PageObjectModel.LoginTest" time="40.681" errors="0" timestamp="2025-09-07T16:10:45 IST" skipped="0">
  <testcase classname="PageObjectModel.LoginTest" name="testInvalidLoginShowErrorMsg" time="18.609"/>
  <testcase classname="PageObjectModel.LoginTest" name="testLoginButtonDisabledWhenFieldAreEmpty" time="9.611"/>
  <testcase classname="PageObjectModel.LoginTest" name="testPasswordMaskedbutton" time="12.461"/>
</testsuite> <!-- PageObjectModel.LoginTest -->
